<?xml version="1.0" encoding="UTF-8"?>
<!-- Generated by org.testng.reporters.JUnitReportReporter -->
<testsuite hostname="EPINHYDW08AD" failures="0" tests="1" name="Lambda_Expressions.Palindrome_01" time="0.008" errors="0" timestamp="2024-06-19T21:40:57 IST" skipped="0">
  <testcase classname="Lambda_Expressions.Palindrome_01" name="Palindrome_WTLambda" time="0.008"/>
</testsuite> <!-- Lambda_Expressions.Palindrome_01 -->
